-------------------------------------------------------------------------------
Test set: smilyk.atsarat.common.CommonModuleApplicationTests
-------------------------------------------------------------------------------
Tests run: 1, Failures: 0, Errors: 1, Skipped: 0, Time elapsed: 0.34 s <<< FAILURE! - in smilyk.atsarat.common.CommonModuleApplicationTests
smilyk.atsarat.common.CommonModuleApplicationTests  Time elapsed: 0.34 s  <<< ERROR!
java.lang.IllegalStateException: Unable to find a @SpringBootConfiguration, you need to use @ContextConfiguration or @SpringBootTest(classes=...) with your test

