<?xml version="1.0" encoding="UTF-8"?>
<testsuite xmlns:xsi="http://www.w3.org/2001/XMLSchema-instance" xsi:noNamespaceSchemaLocation="https://maven.apache.org/surefire/maven-surefire-plugin/xsd/surefire-test-report-3.0.xsd" version="3.0" name="smilyk.atsarat.common.CommonModuleApplicationTests" time="0.34" tests="1" errors="1" skipped="0" failures="0">
  <properties>
[...]
</properties>
  <testcase name="smilyk.atsarat.common.CommonModuleApplicationTests" classname="smilyk.atsarat.common.CommonModuleApplicationTests" time="0.34">
    <error message="Unable to find a @SpringBootConfiguration, you need to use @ContextConfiguration or @SpringBootTest(classes=...) with your test" type="java.lang.IllegalStateException">java.lang.IllegalStateException: Unable to find a @SpringBootConfiguration, you need to use @ContextConfiguration or @SpringBootTest(classes=...) with your test
</error>
    <system-out><![CDATA[13:11:47.046 [main] DEBUG org.springframework.test.context.BootstrapUtils - Instantiating CacheAwareContextLoaderDelegate from class [org.springframework.test.context.cache.DefaultCacheAwareContextLoaderDelegate]
13:11:47.063 [main] DEBUG org.springframework.test.context.BootstrapUtils - Instantiating BootstrapContext using constructor [public org.springframework.test.context.support.DefaultBootstrapContext(java.lang.Class,org.springframework.test.context.CacheAwareContextLoaderDelegate)]
13:11:47.099 [main] DEBUG org.springframework.test.context.BootstrapUtils - Instantiating TestContextBootstrapper for test class [smilyk.atsarat.common.CommonModuleApplicationTests] from class [org.springframework.boot.test.context.SpringBootTestContextBootstrapper]
13:11:47.112 [main] INFO org.springframework.boot.test.context.SpringBootTestContextBootstrapper - Neither @ContextConfiguration nor @ContextHierarchy found for test class [smilyk.atsarat.common.CommonModuleApplicationTests], using SpringBootContextLoader
13:11:47.116 [main] DEBUG org.springframework.test.context.support.AbstractContextLoader - Did not detect default resource location for test class [smilyk.atsarat.common.CommonModuleApplicationTests]: class path resource [smilyk/atsarat/common/CommonModuleApplicationTests-context.xml] does not exist
13:11:47.117 [main] DEBUG org.springframework.test.context.support.AbstractContextLoader - Did not detect default resource location for test class [smilyk.atsarat.common.CommonModuleApplicationTests]: class path resource [smilyk/atsarat/common/CommonModuleApplicationTestsContext.groovy] does not exist
13:11:47.118 [main] INFO org.springframework.test.context.support.AbstractContextLoader - Could not detect default resource locations for test class [smilyk.atsarat.common.CommonModuleApplicationTests]: no resource found for suffixes {-context.xml, Context.groovy}.
13:11:47.119 [main] INFO org.springframework.test.context.support.AnnotationConfigContextLoaderUtils - Could not detect default configuration classes for test class [smilyk.atsarat.common.CommonModuleApplicationTests]: CommonModuleApplicationTests does not declare any static, non-private, non-final, nested classes annotated with @Configuration.
13:11:47.180 [main] DEBUG org.springframework.test.context.support.ActiveProfilesUtils - Could not find an 'annotation declaring class' for annotation type [org.springframework.test.context.ActiveProfiles] and class [smilyk.atsarat.common.CommonModuleApplicationTests]
13:11:47.242 [main] DEBUG org.springframework.test.context.BootstrapUtils - Instantiating CacheAwareContextLoaderDelegate from class [org.springframework.test.context.cache.DefaultCacheAwareContextLoaderDelegate]
13:11:47.243 [main] DEBUG org.springframework.test.context.BootstrapUtils - Instantiating BootstrapContext using constructor [public org.springframework.test.context.support.DefaultBootstrapContext(java.lang.Class,org.springframework.test.context.CacheAwareContextLoaderDelegate)]
13:11:47.244 [main] DEBUG org.springframework.test.context.BootstrapUtils - Instantiating TestContextBootstrapper for test class [smilyk.atsarat.common.CommonModuleApplicationTests] from class [org.springframework.boot.test.context.SpringBootTestContextBootstrapper]
13:11:47.245 [main] INFO org.springframework.boot.test.context.SpringBootTestContextBootstrapper - Neither @ContextConfiguration nor @ContextHierarchy found for test class [smilyk.atsarat.common.CommonModuleApplicationTests], using SpringBootContextLoader
13:11:47.246 [main] DEBUG org.springframework.test.context.support.AbstractContextLoader - Did not detect default resource location for test class [smilyk.atsarat.common.CommonModuleApplicationTests]: class path resource [smilyk/atsarat/common/CommonModuleApplicationTests-context.xml] does not exist
13:11:47.246 [main] DEBUG org.springframework.test.context.support.AbstractContextLoader - Did not detect default resource location for test class [smilyk.atsarat.common.CommonModuleApplicationTests]: class path resource [smilyk/atsarat/common/CommonModuleApplicationTestsContext.groovy] does not exist
13:11:47.247 [main] INFO org.springframework.test.context.support.AbstractContextLoader - Could not detect default resource locations for test class [smilyk.atsarat.common.CommonModuleApplicationTests]: no resource found for suffixes {-context.xml, Context.groovy}.
13:11:47.248 [main] INFO org.springframework.test.context.support.AnnotationConfigContextLoaderUtils - Could not detect default configuration classes for test class [smilyk.atsarat.common.CommonModuleApplicationTests]: CommonModuleApplicationTests does not declare any static, non-private, non-final, nested classes annotated with @Configuration.
13:11:47.252 [main] DEBUG org.springframework.test.context.support.ActiveProfilesUtils - Could not find an 'annotation declaring class' for annotation type [org.springframework.test.context.ActiveProfiles] and class [smilyk.atsarat.common.CommonModuleApplicationTests]
13:11:47.257 [main] DEBUG org.springframework.test.context.BootstrapUtils - Instantiating CacheAwareContextLoaderDelegate from class [org.springframework.test.context.cache.DefaultCacheAwareContextLoaderDelegate]
13:11:47.258 [main] DEBUG org.springframework.test.context.BootstrapUtils - Instantiating BootstrapContext using constructor [public org.springframework.test.context.support.DefaultBootstrapContext(java.lang.Class,org.springframework.test.context.CacheAwareContextLoaderDelegate)]
13:11:47.258 [main] DEBUG org.springframework.test.context.BootstrapUtils - Instantiating TestContextBootstrapper for test class [smilyk.atsarat.common.CommonModuleApplicationTests] from class [org.springframework.boot.test.context.SpringBootTestContextBootstrapper]
13:11:47.260 [main] INFO org.springframework.boot.test.context.SpringBootTestContextBootstrapper - Neither @ContextConfiguration nor @ContextHierarchy found for test class [smilyk.atsarat.common.CommonModuleApplicationTests], using SpringBootContextLoader
13:11:47.261 [main] DEBUG org.springframework.test.context.support.AbstractContextLoader - Did not detect default resource location for test class [smilyk.atsarat.common.CommonModuleApplicationTests]: class path resource [smilyk/atsarat/common/CommonModuleApplicationTests-context.xml] does not exist
13:11:47.261 [main] DEBUG org.springframework.test.context.support.AbstractContextLoader - Did not detect default resource location for test class [smilyk.atsarat.common.CommonModuleApplicationTests]: class path resource [smilyk/atsarat/common/CommonModuleApplicationTestsContext.groovy] does not exist
13:11:47.262 [main] INFO org.springframework.test.context.support.AbstractContextLoader - Could not detect default resource locations for test class [smilyk.atsarat.common.CommonModuleApplicationTests]: no resource found for suffixes {-context.xml, Context.groovy}.
13:11:47.262 [main] INFO org.springframework.test.context.support.AnnotationConfigContextLoaderUtils - Could not detect default configuration classes for test class [smilyk.atsarat.common.CommonModuleApplicationTests]: CommonModuleApplicationTests does not declare any static, non-private, non-final, nested classes annotated with @Configuration.
13:11:47.264 [main] DEBUG org.springframework.test.context.support.ActiveProfilesUtils - Could not find an 'annotation declaring class' for annotation type [org.springframework.test.context.ActiveProfiles] and class [smilyk.atsarat.common.CommonModuleApplicationTests]
]]></system-out>
  </testcase>
</testsuite>